<?xml version="1.0" encoding="UTF-8"?>
<!-- Generated by org.testng.reporters.JUnitReportReporter -->
<testsuite hostname="DESKTOP-6R22ME0" failures="0" tests="1" name="cs.ing.UserTest" time="0.009" errors="0" timestamp="2021-10-21T21:54:23 COT" skipped="0">
  <testcase classname="cs.ing.UserTest" name="TestConstructor" time="0.009"/>
  <system-out/>
</testsuite> <!-- cs.ing.UserTest -->
