<?xml version="1.0" encoding="UTF-8"?>
<!-- Generated by org.testng.reporters.JUnitReportReporter -->
<testsuite hostname="DESKTOP-6R22ME0" failures="0" tests="1" name="cs.ing.MainTest" time="0.001" errors="0" timestamp="2021-10-21T13:56:31 COT" skipped="0">
  <testcase classname="cs.ing.MainTest" name="TestMain" time="0.001"/>
  <system-out/>
</testsuite> <!-- cs.ing.MainTest -->
