<?xml version="1.0" encoding="UTF-8"?>
<!-- Generated by org.testng.reporters.JUnitReportReporter -->
<testsuite hostname="DESKTOP-6R22ME0" failures="0" tests="1" name="cs.ing.ApplicationTest" time="0.006" errors="0" timestamp="2021-10-16T23:00:05 COT" skipped="0">
  <testcase classname="cs.ing.ApplicationTest" name="Test01" time="0.006"/>
  <system-out/>
</testsuite> <!-- cs.ing.ApplicationTest -->
