<?xml version="1.0" encoding="UTF-8"?>
<!-- Generated by org.testng.reporters.JUnitReportReporter -->
<testsuite hostname="DESKTOP-6R22ME0" failures="0" tests="2" name="cs.ing.ApplicationTest" time="0.051" errors="0" timestamp="2021-10-21T12:27:56 COT" skipped="0">
  <testcase classname="cs.ing.ApplicationTest" name="TestMain" time="0.049"/>
  <system-out/>
  <testcase classname="cs.ing.ApplicationTest" name="TestUser" time="0.002"/>
  <system-out/>
</testsuite> <!-- cs.ing.ApplicationTest -->
