<?xml version="1.0" encoding="UTF-8"?>
<!-- Generated by org.testng.reporters.JUnitReportReporter -->
<testsuite hostname="DESKTOP-6R22ME0" failures="0" tests="2" name="cs.ing.ApplicationTest" time="0.055" errors="0" timestamp="2021-10-21T12:21:34 COT" skipped="0">
  <testcase classname="cs.ing.ApplicationTest" name="TestMain" time="0.054"/>
  <system-out/>
  <testcase classname="cs.ing.ApplicationTest" name="TestUser" time="0.001"/>
  <system-out/>
</testsuite> <!-- cs.ing.ApplicationTest -->
